0 info it worked if it ends with ok
1 verbose cli [ '/usr/bin/nodejs', '/usr/bin/npm', 'install' ]
2 info using npm@3.5.2
3 info using node@v4.2.6
4 silly loadCurrentTree Starting
5 silly install loadCurrentTree
6 silly install readLocalPackageData
7 silly install normalizeTree
8 silly loadCurrentTree Finishing
9 silly loadIdealTree Starting
10 silly install loadIdealTree
11 silly cloneCurrentTree Starting
12 silly install cloneCurrentTreeToIdealTree
13 silly cloneCurrentTree Finishing
14 silly loadShrinkwrap Starting
15 silly install loadShrinkwrap
16 silly loadShrinkwrap Finishing
17 silly loadAllDepsIntoIdealTree Starting
18 silly install loadAllDepsIntoIdealTree
19 silly fetchNamedPackageData bootstrap
20 silly mapToRegistry name bootstrap
21 silly mapToRegistry using default registry
22 silly mapToRegistry registry https://registry.npmjs.org/
23 silly mapToRegistry uri https://registry.npmjs.org/bootstrap
24 silly fetchNamedPackageData jquery
25 silly mapToRegistry name jquery
26 silly mapToRegistry using default registry
27 silly mapToRegistry registry https://registry.npmjs.org/
28 silly mapToRegistry uri https://registry.npmjs.org/jquery
29 verbose request uri https://registry.npmjs.org/bootstrap
30 verbose request no auth needed
31 info attempt registry request try #1 at 10:04:45 AM
32 verbose request id 07c2f3b55643bc8e
33 http request GET https://registry.npmjs.org/bootstrap
34 verbose request uri https://registry.npmjs.org/jquery
35 verbose request no auth needed
36 info attempt registry request try #1 at 10:04:45 AM
37 http request GET https://registry.npmjs.org/jquery
38 info retry will retry, error on last attempt: Error: connect ETIMEDOUT 104.16.23.35:443
39 info attempt registry request try #2 at 10:07:05 AM
40 http request GET https://registry.npmjs.org/jquery
41 info retry will retry, error on last attempt: Error: connect ETIMEDOUT 104.16.24.35:443
42 info attempt registry request try #2 at 10:07:15 AM
43 http request GET https://registry.npmjs.org/bootstrap
44 info retry will retry, error on last attempt: Error: connect ETIMEDOUT 104.16.24.35:443
45 info retry will retry, error on last attempt: Error: connect ETIMEDOUT 104.16.20.35:443
46 info attempt registry request try #3 at 10:10:14 AM
47 http request GET https://registry.npmjs.org/jquery
48 info attempt registry request try #3 at 10:10:25 AM
49 http request GET https://registry.npmjs.org/bootstrap
50 silly fetchPackageMetaData Error: connect ETIMEDOUT 104.16.27.35:443
50 silly fetchPackageMetaData     at Object.exports._errnoException (util.js:870:11)
50 silly fetchPackageMetaData     at exports._exceptionWithHostPort (util.js:893:20)
50 silly fetchPackageMetaData     at TCPConnectWrap.afterConnect [as oncomplete] (net.js:1063:14)
50 silly fetchPackageMetaData  error for jquery@3.4.1 { [Error: connect ETIMEDOUT 104.16.27.35:443]
50 silly fetchPackageMetaData   code: 'ETIMEDOUT',
50 silly fetchPackageMetaData   errno: 'ETIMEDOUT',
50 silly fetchPackageMetaData   syscall: 'connect',
50 silly fetchPackageMetaData   address: '104.16.27.35',
50 silly fetchPackageMetaData   port: 443 }
51 silly fetchPackageMetaData Error: connect ETIMEDOUT 104.16.27.35:443
51 silly fetchPackageMetaData     at Object.exports._errnoException (util.js:870:11)
51 silly fetchPackageMetaData     at exports._exceptionWithHostPort (util.js:893:20)
51 silly fetchPackageMetaData     at TCPConnectWrap.afterConnect [as oncomplete] (net.js:1063:14)
51 silly fetchPackageMetaData  error for bootstrap@4.3.1 { [Error: connect ETIMEDOUT 104.16.27.35:443]
51 silly fetchPackageMetaData   code: 'ETIMEDOUT',
51 silly fetchPackageMetaData   errno: 'ETIMEDOUT',
51 silly fetchPackageMetaData   syscall: 'connect',
51 silly fetchPackageMetaData   address: '104.16.27.35',
51 silly fetchPackageMetaData   port: 443 }
52 silly rollbackFailedOptional Starting
53 silly rollbackFailedOptional Finishing
54 silly runTopLevelLifecycles Starting
55 silly runTopLevelLifecycles Finishing
56 silly install printInstalled
57 verbose stack Error: connect ETIMEDOUT 104.16.27.35:443
57 verbose stack     at Object.exports._errnoException (util.js:870:11)
57 verbose stack     at exports._exceptionWithHostPort (util.js:893:20)
57 verbose stack     at TCPConnectWrap.afterConnect [as oncomplete] (net.js:1063:14)
58 verbose cwd /home/frank/a/tasks/startbootstrap-modern-business
59 error Linux 4.15.0-101-generic
60 error argv "/usr/bin/nodejs" "/usr/bin/npm" "install"
61 error node v4.2.6
62 error npm  v3.5.2
63 error code ETIMEDOUT
64 error errno ETIMEDOUT
65 error syscall connect
66 error network connect ETIMEDOUT 104.16.27.35:443
67 error network This is most likely not a problem with npm itself
67 error network and is related to network connectivity.
67 error network In most cases you are behind a proxy or have bad network settings.
67 error network
67 error network If you are behind a proxy, please make sure that the
67 error network 'proxy' config is set properly.  See: 'npm help config'
68 verbose exit [ 1, true ]
